<?xml version="1.0" encoding="UTF-8"?>
<!-- Generated by org.testng.reporters.JUnitReportReporter -->
<testsuite hostname="LAPTOP-4VAK7PTK" failures="0" tests="1" name="testNGPack2.NoAnnotations" time="0.008" errors="0" timestamp="2023-01-21T13:50:28 IST" skipped="0">
  <testcase classname="testNGPack2.NoAnnotations" name="test" time="0.008"/>
  <system-out>
    <![CDATA[@Test Annotations]]>
  </system-out>
</testsuite> <!-- testNGPack2.NoAnnotations -->
