<?xml version="1.0" encoding="UTF-8"?>
<!-- Generated by org.testng.reporters.JUnitReportReporter -->
<testsuite hostname="LAPTOP-4VAK7PTK" failures="0" tests="2" name="testNGParallelExecution.TestNG4" time="0.008" errors="0" timestamp="2023-01-23T14:51:16 IST" skipped="0">
  <testcase classname="testNGParallelExecution.TestNG4" name="tommorrow" time="0.001"/>
  <system-out>
    <![CDATA[tommorrow method18is a thread]]>
  </system-out>
  <testcase classname="testNGParallelExecution.TestNG4" name="today" time="0.007"/>
  <system-out>
    <![CDATA[today method18is a thread]]>
  </system-out>
</testsuite> <!-- testNGParallelExecution.TestNG4 -->
