<?xml version="1.0" encoding="UTF-8"?>
<!-- Generated by org.testng.reporters.JUnitReportReporter -->
<testsuite hostname="LAPTOP-4VAK7PTK" failures="0" tests="3" name="testNGPack.Practice" time="0.005" errors="0" timestamp="2023-01-19T15:02:30 IST" skipped="0">
  <testcase classname="testNGPack.Practice" name="practice1" time="0.002"/>
  <system-out>
    <![CDATA[This is practice1 method]]>
  </system-out>
  <testcase classname="testNGPack.Practice" name="practice2" time="0.002"/>
  <system-out>
    <![CDATA[This is practice2 method]]>
  </system-out>
  <testcase classname="testNGPack.Practice" name="practice" time="0.001"/>
  <system-out>
    <![CDATA[This is method of Practice class]]>
  </system-out>
</testsuite> <!-- testNGPack.Practice -->
