<?xml version="1.0" encoding="UTF-8"?>
<!-- Generated by org.testng.reporters.JUnitReportReporter -->
<testsuite hostname="LAPTOP-4VAK7PTK" failures="0" tests="1" name="testNGPack2.Class3" time="117.919" errors="0" timestamp="2023-01-21T13:39:23 IST" skipped="0">
  <testcase classname="testNGPack2.Class3" name="mt" time="117.919"/>
  <system-out/>
</testsuite> <!-- testNGPack2.Class3 -->
