<?xml version="1.0" encoding="UTF-8"?>
<!-- Generated by org.testng.reporters.JUnitReportReporter -->
<testsuite hostname="LAPTOP-4VAK7PTK" failures="0" tests="12" name="testNGPack2.Flag6" time="0.023" errors="0" timestamp="2023-01-21T15:00:48 IST" skipped="0">
  <testcase classname="testNGPack2.Flag6" name="ft2" time="0.011"/>
  <system-out>
    <![CDATA[Functional Testing 2]]>
  </system-out>
  <testcase classname="testNGPack2.Flag6" name="it2" time="0.000"/>
  <system-out>
    <![CDATA[Integration Testing 2]]>
  </system-out>
  <testcase classname="testNGPack2.Flag6" name="it6" time="0.002"/>
  <system-out>
    <![CDATA[Integration Testing 6]]>
  </system-out>
  <testcase classname="testNGPack2.Flag6" name="st2" time="0.002"/>
  <system-out>
    <![CDATA[System Testing 2]]>
  </system-out>
  <testcase classname="testNGPack2.Flag6" name="st3" time="0.001"/>
  <system-out>
    <![CDATA[System Testing 3]]>
  </system-out>
  <testcase classname="testNGPack2.Flag6" name="st4" time="0.002"/>
  <system-out>
    <![CDATA[System Testing 4]]>
  </system-out>
  <testcase classname="testNGPack2.Flag6" name="st5" time="0.001"/>
  <system-out>
    <![CDATA[System Testing 5]]>
  </system-out>
  <testcase classname="testNGPack2.Flag6" name="it5" time="0.001"/>
  <system-out>
    <![CDATA[Integration Testing 5]]>
  </system-out>
  <testcase classname="testNGPack2.Flag6" name="ft3" time="0.001"/>
  <system-out>
    <![CDATA[Functional Testing 3]]>
  </system-out>
  <testcase classname="testNGPack2.Flag6" name="st6" time="0.001"/>
  <system-out>
    <![CDATA[System Testing 6]]>
  </system-out>
  <testcase classname="testNGPack2.Flag6" name="it3" time="0.000"/>
  <system-out>
    <![CDATA[Integration Testing 3]]>
  </system-out>
  <testcase classname="testNGPack2.Flag6" name="it4" time="0.001"/>
  <system-out>
    <![CDATA[Integration Testing 4]]>
  </system-out>
</testsuite> <!-- testNGPack2.Flag6 -->
